This is pdfTeX, Version 3.14159265-2.6-1.40.20 (TeX Live 2019/Debian) (preloaded format=pdflatex 2026.2.21)  14 MAR 2026 01:23
entering extended mode
 restricted \write18 enabled.
 %&-line parsing enabled.
**manuscript.tex
(./manuscript.tex
LaTeX2e <2020-02-02> patch level 2
L3 programming layer <2020-02-14> (./cas-dc.cls
Document Class: cas-dc 2024/05/04, 2.4: Formatting class for CAS double column 
articles
\c@blind=\count167
\@bls=\dimen134
(/usr/share/texlive/texmf-dist/tex/latex/base/article.cls
Document Class: article 2019/12/20 v1.4l Standard LaTeX document class
(/usr/share/texlive/texmf-dist/tex/latex/base/size10.clo
File: size10.clo 2019/12/20 v1.4l Standard LaTeX file (size option)
)
\c@part=\count168
\c@section=\count169
\c@subsection=\count170
\c@subsubsection=\count171
\c@paragraph=\count172
\c@subparagraph=\count173
\c@figure=\count174
\c@table=\count175
\abovecaptionskip=\skip47
\belowcaptionskip=\skip48
\bibindent=\dimen135
)
(/usr/share/texlive/texmf-dist/tex/latex/graphics/graphicx.sty
Package: graphicx 2019/11/30 v1.2a Enhanced LaTeX Graphics (DPC,SPQR)

(/usr/share/texlive/texmf-dist/tex/latex/graphics/keyval.sty
Package: keyval 2014/10/28 v1.15 key=value parser (DPC)
\KV@toks@=\toks14
)
(/usr/share/texlive/texmf-dist/tex/latex/graphics/graphics.sty
Package: graphics 2019/11/30 v1.4a Standard LaTeX Graphics (DPC,SPQR)

(/usr/share/texlive/texmf-dist/tex/latex/graphics/trig.sty
Package: trig 2016/01/03 v1.10 sin cos tan (DPC)
)
(/usr/share/texlive/texmf-dist/tex/latex/graphics-cfg/graphics.cfg
File: graphics.cfg 2016/06/04 v1.11 sample graphics configuration
)
Package graphics Info: Driver file: pdftex.def on input line 105.

(/usr/share/texlive/texmf-dist/tex/latex/graphics-def/pdftex.def
File: pdftex.def 2018/01/08 v1.0l Graphics/color driver for pdftex
))
\Gin@req@height=\dimen136
\Gin@req@width=\dimen137
)
(/usr/share/texlive/texmf-dist/tex/latex/amsmath/amsmath.sty
Package: amsmath 2020/01/20 v2.17e AMS math features
\@mathmargin=\skip49

For additional information on amsmath, use the `?' option.
(/usr/share/texlive/texmf-dist/tex/latex/amsmath/amstext.sty
Package: amstext 2000/06/29 v2.01 AMS text

(/usr/share/texlive/texmf-dist/tex/latex/amsmath/amsgen.sty
File: amsgen.sty 1999/11/30 v2.0 generic functions
\@emptytoks=\toks15
\ex@=\dimen138
))
(/usr/share/texlive/texmf-dist/tex/latex/amsmath/amsbsy.sty
Package: amsbsy 1999/11/29 v1.2d Bold Symbols
\pmbraise@=\dimen139
)
(/usr/share/texlive/texmf-dist/tex/latex/amsmath/amsopn.sty
Package: amsopn 2016/03/08 v2.02 operator names
)
\inf@bad=\count176
LaTeX Info: Redefining \frac on input line 227.
\uproot@=\count177
\leftroot@=\count178
LaTeX Info: Redefining \overline on input line 389.
\classnum@=\count179
\DOTSCASE@=\count180
LaTeX Info: Redefining \ldots on input line 486.
LaTeX Info: Redefining \dots on input line 489.
LaTeX Info: Redefining \cdots on input line 610.
\Mathstrutbox@=\box45
\strutbox@=\box46
\big@size=\dimen140
LaTeX Font Info:    Redeclaring font encoding OML on input line 733.
LaTeX Font Info:    Redeclaring font encoding OMS on input line 734.
\macc@depth=\count181
\c@MaxMatrixCols=\count182
\dotsspace@=\muskip16
\c@parentequation=\count183
\dspbrk@lvl=\count184
\tag@help=\toks16
\row@=\count185
\column@=\count186
\maxfields@=\count187
\andhelp@=\toks17
\eqnshift@=\dimen141
\alignsep@=\dimen142
\tagshift@=\dimen143
\tagwidth@=\dimen144
\totwidth@=\dimen145
\lineht@=\dimen146
\@envbody=\toks18
\multlinegap=\skip50
\multlinetaggap=\skip51
\mathdisplay@stack=\toks19
LaTeX Info: Redefining \[ on input line 2859.
LaTeX Info: Redefining \] on input line 2860.
)
(/usr/share/texlive/texmf-dist/tex/latex/amsfonts/amsfonts.sty
Package: amsfonts 2013/01/14 v3.01 Basic AMSFonts support
\symAMSa=\mathgroup4
\symAMSb=\mathgroup5
LaTeX Font Info:    Redeclaring math symbol \hbar on input line 98.
LaTeX Font Info:    Overwriting math alphabet `\mathfrak' in version `bold'
(Font)                  U/euf/m/n --> U/euf/b/n on input line 106.
)
(/usr/share/texlive/texmf-dist/tex/latex/amsfonts/amssymb.sty
Package: amssymb 2013/01/14 v3.01 AMS font symbols
)
(/usr/share/texlive/texmf-dist/tex/latex/l3kernel/expl3.sty
Package: expl3 2020-02-14 L3 programming layer (loader) 

(/usr/share/texlive/texmf-dist/tex/latex/l3backend/l3backend-pdfmode.def
File: l3backend-pdfmode.def 2020-02-03 L3 backend support: PDF mode
\l__kernel_color_stack_int=\count188
\l__pdf_internal_box=\box47
))
(/usr/share/texlive/texmf-dist/tex/latex/l3packages/xparse/xparse.sty
Package: xparse 2020-02-14 L3 Experimental document command parser
\l__xparse_current_arg_int=\count189
\g__xparse_grabber_int=\count190
\l__xparse_m_args_int=\count191
\l__xparse_v_nesting_int=\count192
)
(/usr/share/texlive/texmf-dist/tex/latex/etoolbox/etoolbox.sty
Package: etoolbox 2019/09/21 v2.5h e-TeX tools for LaTeX (JAW)
\etb@tempcnta=\count193
)
(/usr/share/texlive/texmf-dist/tex/latex/preprint/balance.sty
Package: balance 1999/02/23 4.3 (PWD)
\oldvsize=\dimen147
)
(/usr/share/texlive/texmf-dist/tex/latex/booktabs/booktabs.sty
Package: booktabs 2020/01/12 v1.61803398 Publication quality tables
\heavyrulewidth=\dimen148
\lightrulewidth=\dimen149
\cmidrulewidth=\dimen150
\belowrulesep=\dimen151
\belowbottomsep=\dimen152
\aboverulesep=\dimen153
\abovetopsep=\dimen154
\cmidrulesep=\dimen155
\cmidrulekern=\dimen156
\defaultaddspace=\dimen157
\@cmidla=\count194
\@cmidlb=\count195
\@aboverulesep=\dimen158
\@belowrulesep=\dimen159
\@thisruleclass=\count196
\@lastruleclass=\count197
\@thisrulewidth=\dimen160
)
(/usr/share/texlive/texmf-dist/tex/latex/makecell/makecell.sty
Package: makecell 2009/08/03 V0.1e Managing of Tab Column Heads and Cells

(/usr/share/texlive/texmf-dist/tex/latex/tools/array.sty
Package: array 2019/08/31 v2.4l Tabular extension package (FMi)
\col@sep=\dimen161
\ar@mcellbox=\box48
\extrarowheight=\dimen162
\NC@list=\toks20
\extratabsurround=\skip52
\backup@length=\skip53
\ar@cellbox=\box49
)
\rotheadsize=\dimen163
\c@nlinenum=\count198
\TeXr@lab=\toks21
)
(/usr/share/texlive/texmf-dist/tex/latex/multirow/multirow.sty
Package: multirow 2019/05/31 v2.5 Span multiple rows of a table
\multirow@colwidth=\skip54
\multirow@cntb=\count199
\multirow@dima=\skip55
\bigstrutjot=\dimen164
)
(/usr/share/texlive/texmf-dist/tex/latex/colortbl/colortbl.sty
Package: colortbl 2020/01/04 v1.0e Color table columns (DPC)

(/usr/share/texlive/texmf-dist/tex/latex/graphics/color.sty
Package: color 2019/11/23 v1.2a Standard LaTeX Color (DPC)

(/usr/share/texlive/texmf-dist/tex/latex/graphics-cfg/color.cfg
File: color.cfg 2016/01/02 v1.6 sample color configuration
)
Package color Info: Driver file: pdftex.def on input line 147.
)
\everycr=\toks22
\minrowclearance=\skip56
)
(/usr/share/texlive/texmf-dist/tex/latex/tools/dcolumn.sty
Package: dcolumn 2014/10/28 v1.06 decimal alignment package (DPC)
)
(/usr/share/texlive/texmf-dist/tex/latex/sttools/stfloats.sty
Package: stfloats 2017/03/27 v3.3 Improve float mechanism and baselineskip sett
ings
\@dblbotnum=\count266
\c@dblbotnumber=\count267
)
(/usr/share/texlive/texmf-dist/tex/latex/tools/xspace.sty
Package: xspace 2014/10/28 v1.13 Space after command names (DPC,MH)
)
(/usr/share/texlive/texmf-dist/tex/generic/xstring/xstring.sty
(/usr/share/texlive/texmf-dist/tex/generic/xstring/xstring.tex
\integerpart=\count268
\decimalpart=\count269
)
Package: xstring 2019/02/06 v1.83 String manipulations (CT)
)
(/usr/share/texlive/texmf-dist/tex/latex/footmisc/footmisc.sty
Package: footmisc 2011/06/06 v5.5b a miscellany of footnote facilities
\FN@temptoken=\toks23
\footnotemargin=\dimen165
\c@pp@next@reset=\count270
Package footmisc Info: Declaring symbol style bringhurst on input line 855.
Package footmisc Info: Declaring symbol style chicago on input line 863.
Package footmisc Info: Declaring symbol style wiley on input line 872.
Package footmisc Info: Declaring symbol style lamport-robust on input line 883.

Package footmisc Info: Declaring symbol style lamport* on input line 903.
Package footmisc Info: Declaring symbol style lamport*-robust on input line 924
.
)
(/usr/share/texlive/texmf-dist/tex/latex/xcolor/xcolor.sty
Package: xcolor 2016/05/11 v2.12 LaTeX color extensions (UK)

(/usr/share/texlive/texmf-dist/tex/latex/graphics-cfg/color.cfg
File: color.cfg 2016/01/02 v1.6 sample color configuration
)
Package xcolor Info: Driver file: pdftex.def on input line 225.
LaTeX Info: Redefining \color on input line 709.
Package xcolor Info: Model `cmy' substituted by `cmy0' on input line 1348.
Package xcolor Info: Model `hsb' substituted by `rgb' on input line 1352.
Package xcolor Info: Model `RGB' extended on input line 1364.
Package xcolor Info: Model `HTML' substituted by `rgb' on input line 1366.
Package xcolor Info: Model `Hsb' substituted by `hsb' on input line 1367.
Package xcolor Info: Model `tHsb' substituted by `hsb' on input line 1368.
Package xcolor Info: Model `HSB' substituted by `hsb' on input line 1369.
Package xcolor Info: Model `Gray' substituted by `gray' on input line 1370.
Package xcolor Info: Model `wave' substituted by `hsb' on input line 1371.

(/usr/share/texlive/texmf-dist/tex/latex/graphics/dvipsnam.def
File: dvipsnam.def 2016/06/17 v3.0m Driver-dependent file (DPC,SPQR)
)
(/usr/share/texlive/texmf-dist/tex/latex/xcolor/svgnam.def
File: svgnam.def 2016/05/11 v2.12 Predefined colors according to SVG 1.1 (UK)
))
(/usr/share/texlive/texmf-dist/tex/latex/setspace/setspace.sty
Package: setspace 2011/12/19 v6.7a set line spacing
)
(/usr/share/texlive/texmf-dist/tex/latex/hyperref/hyperref.sty
Package: hyperref 2020/01/14 v7.00d Hypertext links for LaTeX

(/usr/share/texlive/texmf-dist/tex/generic/ltxcmds/ltxcmds.sty
Package: ltxcmds 2019/12/15 v1.24 LaTeX kernel commands for general use (HO)
)
(/usr/share/texlive/texmf-dist/tex/generic/iftex/iftex.sty
Package: iftex 2019/11/07 v1.0c TeX engine tests
)
(/usr/share/texlive/texmf-dist/tex/latex/pdftexcmds/pdftexcmds.sty
Package: pdftexcmds 2019/11/24 v0.31 Utility functions of pdfTeX for LuaTeX (HO
)

(/usr/share/texlive/texmf-dist/tex/generic/infwarerr/infwarerr.sty
Package: infwarerr 2019/12/03 v1.5 Providing info/warning/error messages (HO)
)
Package pdftexcmds Info: \pdf@primitive is available.
Package pdftexcmds Info: \pdf@ifprimitive is available.
Package pdftexcmds Info: \pdfdraftmode found.
)
(/usr/share/texlive/texmf-dist/tex/generic/kvsetkeys/kvsetkeys.sty
Package: kvsetkeys 2019/12/15 v1.18 Key value parser (HO)
)
(/usr/share/texlive/texmf-dist/tex/generic/kvdefinekeys/kvdefinekeys.sty
Package: kvdefinekeys 2019-12-19 v1.6 Define keys (HO)
)
(/usr/share/texlive/texmf-dist/tex/generic/pdfescape/pdfescape.sty
Package: pdfescape 2019/12/09 v1.15 Implements pdfTeX's escape features (HO)
)
(/usr/share/texlive/texmf-dist/tex/latex/hycolor/hycolor.sty
Package: hycolor 2020-01-27 v1.10 Color options for hyperref/bookmark (HO)
)
(/usr/share/texlive/texmf-dist/tex/latex/letltxmacro/letltxmacro.sty
Package: letltxmacro 2019/12/03 v1.6 Let assignment for LaTeX macros (HO)
)
(/usr/share/texlive/texmf-dist/tex/latex/auxhook/auxhook.sty
Package: auxhook 2019-12-17 v1.6 Hooks for auxiliary files (HO)
)
(/usr/share/texlive/texmf-dist/tex/latex/kvoptions/kvoptions.sty
Package: kvoptions 2019/11/29 v3.13 Key value format for package options (HO)
)
\@linkdim=\dimen166
\Hy@linkcounter=\count271
\Hy@pagecounter=\count272

(/usr/share/texlive/texmf-dist/tex/latex/hyperref/pd1enc.def
File: pd1enc.def 2020/01/14 v7.00d Hyperref: PDFDocEncoding definition (HO)
Now handling font encoding PD1 ...
... no UTF-8 mapping file for font encoding PD1
)
(/usr/share/texlive/texmf-dist/tex/generic/intcalc/intcalc.sty
Package: intcalc 2019/12/15 v1.3 Expandable calculations with integers (HO)
)
(/usr/share/texlive/texmf-dist/tex/generic/etexcmds/etexcmds.sty
Package: etexcmds 2019/12/15 v1.7 Avoid name clashes with e-TeX commands (HO)
)
\Hy@SavedSpaceFactor=\count273
\pdfmajorversion=\count274
Package hyperref Info: Option `colorlinks' set `true' on input line 4421.
Package hyperref Info: Hyper figures OFF on input line 4547.
Package hyperref Info: Link nesting OFF on input line 4552.
Package hyperref Info: Hyper index ON on input line 4555.
Package hyperref Info: Plain pages OFF on input line 4562.
Package hyperref Info: Backreferencing OFF on input line 4567.
Package hyperref Info: Implicit mode ON; LaTeX internals redefined.
Package hyperref Info: Bookmarks ON on input line 4800.
\c@Hy@tempcnt=\count275

(/usr/share/texlive/texmf-dist/tex/latex/url/url.sty
\Urlmuskip=\muskip17
Package: url 2013/09/16  ver 3.4  Verb mode for urls, etc.
)
LaTeX Info: Redefining \url on input line 5159.
\XeTeXLinkMargin=\dimen167

(/usr/share/texlive/texmf-dist/tex/generic/bitset/bitset.sty
Package: bitset 2019/12/09 v1.3 Handle bit-vector datatype (HO)

(/usr/share/texlive/texmf-dist/tex/generic/bigintcalc/bigintcalc.sty
Package: bigintcalc 2019/12/15 v1.5 Expandable calculations on big integers (HO
)
))
\Fld@menulength=\count276
\Field@Width=\dimen168
\Fld@charsize=\dimen169
Package hyperref Info: Hyper figures OFF on input line 6430.
Package hyperref Info: Link nesting OFF on input line 6435.
Package hyperref Info: Hyper index ON on input line 6438.
Package hyperref Info: backreferencing OFF on input line 6445.
Package hyperref Info: Link coloring ON on input line 6448.
Package hyperref Info: Link coloring with OCG OFF on input line 6455.
Package hyperref Info: PDF/A mode OFF on input line 6460.
LaTeX Info: Redefining \ref on input line 6500.
LaTeX Info: Redefining \pageref on input line 6504.

(/usr/share/texlive/texmf-dist/tex/generic/atbegshi/atbegshi.sty
Package: atbegshi 2019/12/05 v1.19 At begin shipout hook (HO)
)
\Hy@abspage=\count277
\c@Item=\count278
\c@Hfootnote=\count279
)
Package hyperref Info: Driver (autodetected): hpdftex.

(/usr/share/texlive/texmf-dist/tex/latex/hyperref/hpdftex.def
File: hpdftex.def 2020/01/14 v7.00d Hyperref driver for pdfTeX

(/usr/share/texlive/texmf-dist/tex/latex/atveryend/atveryend.sty
Package: atveryend 2019-12-11 v1.11 Hooks at the very end of document (HO)
)
\Fld@listcount=\count280
\c@bookmark@seq@number=\count281

(/usr/share/texlive/texmf-dist/tex/latex/rerunfilecheck/rerunfilecheck.sty
Package: rerunfilecheck 2019/12/05 v1.9 Rerun checks for auxiliary files (HO)

(/usr/share/texlive/texmf-dist/tex/generic/uniquecounter/uniquecounter.sty
Package: uniquecounter 2019/12/15 v1.4 Provide unlimited unique counter (HO)
)
Package uniquecounter Info: New unique counter `rerunfilecheck' on input line 2
86.
)
\Hy@SectionHShift=\skip57
)
(./cas-common.sty
\l_stm_title_before_dim=\dimen170
\l_stm_title_after_dim=\dimen171
\g_ead_int=\count282
\g_uad_int=\count283
\@eadauthor=\toks24
\g_stm_tnote_int=\count284
\g_stm_fnote_int=\count285
\g_stm_cor_int=\count286
\g_stm_au_int=\count287
\g_stm_aau_int=\count288
\l_autype_int=\count289
\l_stm_augroup_before_dim=\dimen172
\l_stm_augroup_after_dim=\dimen173
\l_stm_augroup_lskip_tl=\dimen174
\l_stm_augroup_rskip_tl=\dimen175
\g_stm_aff_int=\count290
\g_stm_aff_ext_int=\count291
\g_stm_aff_int_int=\count292
\g_stm_fn_aff_ext_int=\count293
\g_stm_fn_aff_int_int=\count294
\l_stm_aff_before_dim=\dimen176
\l_stm_aff_after_dim=\dimen177
\l_stm_aff_lskip_dim=\dimen178
\l_stm_aff_rskip_dim=\dimen179
\g_stm_augr_int=\count295
\g_stm_aaugr_int=\count296

(/usr/share/texlive/texmf-dist/tex/latex/moreverb/moreverb.sty
Package: moreverb 2008/06/03 v2.3a `more' verbatim facilities

(/usr/share/texlive/texmf-dist/tex/latex/tools/verbatim.sty
Package: verbatim 2019/11/10 v1.5r LaTeX2e package for verbatim enhancements
\every@verbatim=\toks25
\verbatim@line=\toks26
\verbatim@in@stream=\read2
)
\tab@position=\count297
\tab@size=\count298
\listing@line=\count299
)
\g_stm_abs_box=\box50
\casgrabsbox=\box51
\casauhlbox=\box52
\g_stm_key_box=\box53
\g_stm_jtype_int=\count300
\g_stm_blind_int=\count301
\c@au=\count302
\c@cnote=\count303
\c@tnote=\count304
\c@fnote=\count305
\c@aff=\count306
\g_stm_notes_box=\box54
\g_stm_front_box=\box55
\paraindent=\dimen180
\subparaindent=\dimen181
\FullWidth=\dimen182
\l_tbl_width_dim=\dimen183
\l_tbl_abovecap_skip=\skip58
\l_tbl_belowcap_skip=\skip59
\l_tbl_abovetbl_skip=\skip60
\l_tbl_belowtbl_skip=\skip61
\l_fig_width_dim=\dimen184
\cascaptionbox=\box56
\l_fig_abovecap_skip=\skip62
\l_fig_belowcap_skip=\skip63
\l_fig_abovefig_skip=\skip64
\l_fig_belowfig_skip=\skip65

(/usr/share/texlive/texmf-dist/tex/latex/wrapfig/wrapfig.sty
\wrapoverhang=\dimen185
\WF@size=\dimen186
\c@WF@wrappedlines=\count307
\WF@box=\box57
\WF@everypar=\toks27
Package: wrapfig 2003/01/31  v 3.6
)
\l_wrap_figwidth_dim=\dimen187
\l_wrap_fighspace_dim=\dimen188
\l_wrap_figvspace_dim=\dimen189
\l_wrap_fighcorr_dim=\dimen190
\l_wrap_figvcorr_dim=\dimen191
\l_above_bio_dim=\dimen192
\l_wrap_figlcorr_int=\count308
\l_wrap_figlines_int=\count309
\l_bio_text_box=\box58
\c@ca_biography_ctr=\count310
\l_ca_temp_inta=\count311
\leftMargin=\dimen193
\@enLab=\toks28
\@sep=\skip66
\@@sep=\skip67
)
(/usr/share/texlive/texmf-dist/tex/latex/base/fontenc.sty
Package: fontenc 2020/02/11 v2.0o Standard LaTeX package
)
***********************************************************
 Stix and Charis fonts are not available 
 in TeX system. Hence CMR fonts are used.
***********************************************************
(/usr/share/texlive/texmf-dist/tex/latex/geometry/geometry.sty
Package: geometry 2020/01/02 v5.9 Page Geometry

(/usr/share/texlive/texmf-dist/tex/generic/iftex/ifvtex.sty
Package: ifvtex 2019/10/25 v1.7 ifvtex legacy package. Use iftex instead.
)
\Gm@cnth=\count312
\Gm@cntv=\count313
\c@Gm@tempcnt=\count314
\Gm@bindingoffset=\dimen194
\Gm@wd@mp=\dimen195
\Gm@odd@mp=\dimen196
\Gm@even@mp=\dimen197
\Gm@layoutwidth=\dimen198
\Gm@layoutheight=\dimen199
\Gm@layouthoffset=\dimen256
\Gm@layoutvoffset=\dimen257
\Gm@dimlist=\toks29
))
(/usr/share/texlive/texmf-dist/tex/latex/caption/subcaption.sty
Package: subcaption 2020/01/22 v1.3d Sub-captions (AR)

(/usr/share/texlive/texmf-dist/tex/latex/caption/caption.sty
Package: caption 2020/01/03 v3.4h Customizing captions (AR)

(/usr/share/texlive/texmf-dist/tex/latex/caption/caption3.sty
Package: caption3 2020/01/03 v1.8h caption3 kernel (AR)
Package caption3 Info: TeX engine: e-TeX on input line 61.
\captionmargin=\dimen258
\captionmargin@=\dimen259
\captionwidth=\dimen260
\caption@tempdima=\dimen261
\caption@indent=\dimen262
\caption@parindent=\dimen263
\caption@hangindent=\dimen264
Package caption Info: Standard document class detected.
)
\c@caption@flags=\count315
\c@continuedfloat=\count316
Package caption Info: hyperref package is loaded.
Package caption Info: wrapfig package is loaded.
)
\c@subfigure=\count317
\c@subtable=\count318
)
(/usr/share/texlive/texmf-dist/tex/latex/float/float.sty
Package: float 2001/11/08 v1.3d Float enhancements (AL)
\c@float@type=\count319
\float@exts=\toks30
\float@box=\box59
\@float@everytoks=\toks31
\@floatcapt=\box60
)
(/usr/share/texlive/texmf-dist/tex/latex/tools/bm.sty
Package: bm 2019/07/24 v1.2d Bold Symbol Support (DPC/FMi)
\symboldoperators=\mathgroup6
\symboldletters=\mathgroup7
\symboldsymbols=\mathgroup8
LaTeX Font Info:    Redeclaring math alphabet \mathbf on input line 141.
LaTeX Info: Redefining \bm on input line 209.
)
(/usr/share/texlive/texmf-dist/tex/latex/base/inputenc.sty
Package: inputenc 2018/08/11 v1.3c Input encoding file
\inpenc@prehook=\toks32
\inpenc@posthook=\toks33
)
(/usr/share/texlive/texmf-dist/tex/latex/algorithms/algorithm.sty
Package: algorithm 2009/08/24 v0.1 Document Style `algorithm' - floating enviro
nment

(/usr/share/texlive/texmf-dist/tex/latex/base/ifthen.sty
Package: ifthen 2014/09/29 v1.1c Standard LaTeX ifthen package (DPC)
)
\@float@every@algorithm=\toks34
\c@algorithm=\count320
)
(/usr/share/texlive/texmf-dist/tex/latex/algorithmicx/algpseudocode.sty
Package: algpseudocode 

(/usr/share/texlive/texmf-dist/tex/latex/algorithmicx/algorithmicx.sty
Package: algorithmicx 2005/04/27 v1.2 Algorithmicx

Document Style algorithmicx 1.2 - a greatly improved `algorithmic' style
\c@ALG@line=\count321
\c@ALG@rem=\count322
\c@ALG@nested=\count323
\ALG@tlm=\skip68
\ALG@thistlm=\skip69
\c@ALG@Lnr=\count324
\c@ALG@blocknr=\count325
\c@ALG@storecount=\count326
\c@ALG@tmpcounter=\count327
\ALG@tmplength=\skip70
)
Document Style - pseudocode environments for use with the `algorithmicx' style
) (/usr/share/texlive/texmf-dist/tex/latex/appendix/appendix.sty
Package: appendix 2020/02/08 v1.2c extra appendix facilities
\c@@pps=\count328
\c@@ppsavesec=\count329
\c@@ppsaveapp=\count330
)
(/usr/share/texlive/texmf-dist/tex/latex/natbib/natbib.sty
Package: natbib 2010/09/13 8.31b (PWD, AO)
\bibhang=\skip71
\bibsep=\skip72
LaTeX Info: Redefining \cite on input line 694.
\c@NAT@ctr=\count331
) (./manuscript.aux)
\openout1 = `manuscript.aux'.

LaTeX Font Info:    Checking defaults for OML/cmm/m/it on input line 20.
LaTeX Font Info:    ... okay on input line 20.
LaTeX Font Info:    Checking defaults for OMS/cmsy/m/n on input line 20.
LaTeX Font Info:    ... okay on input line 20.
LaTeX Font Info:    Checking defaults for OT1/cmr/m/n on input line 20.
LaTeX Font Info:    ... okay on input line 20.
LaTeX Font Info:    Checking defaults for T1/cmr/m/n on input line 20.
LaTeX Font Info:    ... okay on input line 20.
LaTeX Font Info:    Checking defaults for TS1/cmr/m/n on input line 20.
LaTeX Font Info:    ... okay on input line 20.
LaTeX Font Info:    Checking defaults for OMX/cmex/m/n on input line 20.
LaTeX Font Info:    ... okay on input line 20.
LaTeX Font Info:    Checking defaults for U/cmr/m/n on input line 20.
LaTeX Font Info:    ... okay on input line 20.
LaTeX Font Info:    Checking defaults for PD1/pdf/m/n on input line 20.
LaTeX Font Info:    ... okay on input line 20.

(/usr/share/texlive/texmf-dist/tex/context/base/mkii/supp-pdf.mkii
[Loading MPS to PDF converter (version 2006.09.02).]
\scratchcounter=\count332
\scratchdimen=\dimen265
\scratchbox=\box61
\nofMPsegments=\count333
\nofMParguments=\count334
\everyMPshowfont=\toks35
\MPscratchCnt=\count335
\MPscratchDim=\dimen266
\MPnumerator=\count336
\makeMPintoPDFobject=\count337
\everyMPtoPDFconversion=\toks36
) (/usr/share/texlive/texmf-dist/tex/latex/epstopdf-pkg/epstopdf-base.sty
Package: epstopdf-base 2020-01-24 v2.11 Base part for package epstopdf

(/usr/share/texlive/texmf-dist/tex/latex/grfext/grfext.sty
Package: grfext 2019/12/03 v1.3 Manage graphics extensions (HO)
)
Package epstopdf-base Info: Redefining graphics rule for `.eps' on input line 4
85.
Package grfext Info: Graphics extension search list:
(grfext)             [.pdf,.png,.jpg,.mps,.jpeg,.jbig2,.jb2,.PDF,.PNG,.JPG,.JPE
G,.JBIG2,.JB2,.eps]
(grfext)             \AppendGraphicsExtensions on input line 504.

(/usr/share/texlive/texmf-dist/tex/latex/latexconfig/epstopdf-sys.cfg
File: epstopdf-sys.cfg 2010/07/13 v1.3 Configuration of (r)epstopdf for TeX Liv
e
))
\AtBeginShipoutBox=\box62
Package hyperref Info: Link coloring ON on input line 20.

(/usr/share/texlive/texmf-dist/tex/latex/hyperref/nameref.sty
Package: nameref 2019/09/16 v2.46 Cross-referencing by name of section

(/usr/share/texlive/texmf-dist/tex/latex/refcount/refcount.sty
Package: refcount 2019/12/15 v3.6 Data extraction from label references (HO)
)
(/usr/share/texlive/texmf-dist/tex/generic/gettitlestring/gettitlestring.sty
Package: gettitlestring 2019/12/15 v1.6 Cleanup title references (HO)
)
\c@section@level=\count338
)
LaTeX Info: Redefining \ref on input line 20.
LaTeX Info: Redefining \pageref on input line 20.
LaTeX Info: Redefining \nameref on input line 20.

(./manuscript.out) (./manuscript.out)
\@outlinefile=\write3
\openout3 = `manuscript.out'.


*geometry* driver: auto-detecting
*geometry* detected driver: pdftex
*geometry* verbose mode - [ preamble ] result:
* driver: pdftex
* paper: custom
* layout: <same size as paper>
* layoutoffset:(h,v)=(0.0pt,0.0pt)
* modes: 
* h-part:(L,W,R)=(51.4995pt, 494.50888pt, 51.4995pt)
* v-part:(T,H,B)=(55.48286pt, 689.4103pt, 51.784pt)
* \paperwidth=597.50787pt
* \paperheight=796.67715pt
* \textwidth=494.50888pt
* \textheight=689.4103pt
* \oddsidemargin=-20.7705pt
* \evensidemargin=-20.7705pt
* \topmargin=-40.78712pt
* \headheight=12.0pt
* \headsep=12.0pt
* \topskip=10.0pt
* \footskip=12.0pt
* \marginparwidth=65.0pt
* \marginparsep=11.0pt
* \columnsep=18.0pt
* \skip\footins=9.0pt plus 4.0pt minus 2.0pt
* \hoffset=0.0pt
* \voffset=0.0pt
* \mag=1000
* \@twocolumnfalse
* \@twosidefalse
* \@mparswitchfalse
* \@reversemarginfalse
* (1in=72.27pt=25.4mm, 1cm=28.453pt)

Package caption Info: Begin \AtBeginDocument code.
Package caption Info: float package is loaded.
Package caption Info: End \AtBeginDocument code.

Package hyperref Warning: Token not allowed in a PDF string (PDFDocEncoding):
(hyperref)                removing `\cormark' on input line 33.

\verbatim@out=\write4
\openout4 = `manuscript.abs'.

LaTeX Font Info:    Trying to load font information for U+msa on input line 52.

(/usr/share/texlive/texmf-dist/tex/latex/amsfonts/umsa.fd
File: umsa.fd 2013/01/14 v3.01 AMS symbols A
)
LaTeX Font Info:    Trying to load font information for U+msb on input line 52.


(/usr/share/texlive/texmf-dist/tex/latex/amsfonts/umsb.fd
File: umsb.fd 2013/01/14 v3.01 AMS symbols B
)
Overfull \hbox (123.62721pt too wide) detected at line 52
[]
 []

(./manuscript.abs)

Package hyperref Warning: Ignoring empty anchor on input line 52.


Package hyperref Warning: Ignoring empty anchor on input line 52.


LaTeX Warning: File `thumbnails/cas-email.jpeg' not found on input line 52.


! Package pdftex.def Error: File `thumbnails/cas-email.jpeg' not found: using d
raft setting.

See the pdftex.def package documentation for explanation.
Type  H <return>  for immediate help.
 ...                                              
                                                  
l.52 \maketitle
               
Try typing  <return>  to proceed.
If that doesn't work, type  X <return>  to quit.

LaTeX Font Info:    Trying to load font information for T1+cmtt on input line 5
2.
(/usr/share/texlive/texmf-dist/tex/latex/base/t1cmtt.fd
File: t1cmtt.fd 2019/12/16 v2.5j Standard LaTeX font definitions
)

Package hyperref Warning: Ignoring empty anchor on input line 52.

LaTeX Font Info:    Trying to load font information for T1+cmss on input line 6
4.
(/usr/share/texlive/texmf-dist/tex/latex/base/t1cmss.fd
File: t1cmss.fd 2019/12/16 v2.5j Standard LaTeX font definitions
) [1{/var/lib/texmf/fonts/map/pdftex/updmap/pdftex.map}


]
Underfull \hbox (badness 1584) in paragraph at lines 68--69
\T1/cmr/m/n/10 con-ven-tional SMC by re-plac-ing the lin-ear slid-ing
 []

[2]
Overfull \hbox (1.11214pt too wide) in paragraph at lines 75--76
\T1/cmr/m/n/10 in-te-gra-tion, error-proportional leak-age, and surge-
 []


Overfull \hbox (13.60686pt too wide) in paragraph at lines 77--78
\T1/cmr/m/n/10 6 con-trollers (LQR, SMC, ASMC, ADRC, FNTSMC,
 []

[3]
Overfull \hbox (91.90515pt too wide) detected at line 140
[]\OML/cmm/m/it/10 ^^N[] \OT1/cmr/m/n/10 = \OML/cmm/m/it/10 A[] []\OT1/cmr/m/n/
10 (\OML/cmm/m/it/10 ![]t\OT1/cmr/m/n/10 )\OML/cmm/m/it/10 ;  ^^N[] \OT1/cmr/m/
n/10 = \OML/cmm/m/it/10 A[] []\OT1/cmr/m/n/10 (\OML/cmm/m/it/10 ![]t \OT1/cmr/m
/n/10 + 1\OML/cmm/m/it/10 :\OT1/cmr/m/n/10 5)\OML/cmm/m/it/10 ;  ^^N[] \OT1/cmr
/m/n/10 = \OML/cmm/m/it/10 A[] []\OT1/cmr/m/n/10 (\OML/cmm/m/it/10 ![]t \OT1/cm
r/m/n/10 + 0\OML/cmm/m/it/10 :\OT1/cmr/m/n/10 7)\OML/cmm/m/it/10 :
 []

[4]
Overfull \hbox (16.88744pt too wide) in paragraph at lines 156--169
 [][] 
 []

<../plots/jonswap_spectrum.png, id=168, 858.20625pt x 320.51746pt>
File: ../plots/jonswap_spectrum.png Graphic file (type png)
<use ../plots/jonswap_spectrum.png>
Package pdftex.def Info: ../plots/jonswap_spectrum.png  used on input line 197.

(pdftex.def)             Requested size: 237.36214pt x 88.64386pt.
<../plots/jonswap_wave_timeseries.png, id=170, 858.20625pt x 390.258pt>
File: ../plots/jonswap_wave_timeseries.png Graphic file (type png)
<use ../plots/jonswap_wave_timeseries.png>
Package pdftex.def Info: ../plots/jonswap_wave_timeseries.png  used on input li
ne 202.
(pdftex.def)             Requested size: 237.36214pt x 107.93164pt.
[5]
Overfull \hbox (5.75453pt too wide) in paragraph at lines 237--238
[]\T1/cmr/m/n/10 respects the phys-i-cal thruster con-straints ($\OMS/cmsy/m/n/
10 ^^F\OT1/cmr/m/n/10 1000$ \T1/cmr/m/n/10 N
 []

[6 <../plots/jonswap_spectrum.png> <../plots/jonswap_wave_timeseries.png>]
Overfull \hbox (5.45415pt too wide) in paragraph at lines 264--266
\T1/cmr/m/n/10 where $\OML/cmm/m/it/10 '\OT1/cmr/m/n/10 (\OMS/cmsy/m/n/10 ^^A\O
T1/cmr/m/n/10 )$ \T1/cmr/m/n/10 is a mod-i-fied ter-mi-nal func-tion with cross
over: 
 []

[7]
Package hyperref Info: bookmark level for unknown algorithm defaults to 0 on in
put line 385.

Underfull \hbox (badness 1960) in paragraph at lines 388--389
[]\T1/cmr/m/n/10 Noisy mea-sure-ments $[]\OML/cmm/m/it/10 ; []; []; []$\T1/cmr/
m/n/10 ; guid-ance
 []


Underfull \hbox (badness 1953) in paragraph at lines 402--403
[]\T1/cmr/m/n/10 Ap-ply thruster al-lo-ca-tion with surge pri-or-ity:
 []

[8]
Underfull \hbox (badness 1648) in paragraph at lines 418--419
[]\T1/cmr/m/n/10 Five base-line con-trollers are com-pared against
 []


Overfull \hbox (6.24031pt too wide) in paragraph at lines 422--423
\T1/cmr/m/n/10 SMC with model-based equiv-a-lent con-trol and boundary-
 []


Overfull \hbox (6.98807pt too wide) in paragraph at lines 428--429
[]\T1/cmr/bx/n/10 FNTSMC (Fast Non-Singular Ter-mi-nal SMC).
 []

[9]
LaTeX Font Info:    Calculating math sizes for size <11> on input line 446.


LaTeX Font Warning: Font shape `OT1/cmr/m/n' in size <5.5> not available
(Font)              size <5> substituted on input line 446.


LaTeX Font Warning: Font shape `OML/cmm/m/it' in size <5.5> not available
(Font)              size <5> substituted on input line 446.


LaTeX Font Warning: Font shape `OMS/cmsy/m/n' in size <5.5> not available
(Font)              size <5> substituted on input line 446.


LaTeX Font Warning: Font shape `OT1/cmr/bx/n' in size <5.5> not available
(Font)              size <5> substituted on input line 446.


LaTeX Font Warning: Font shape `OML/cmm/b/it' in size <5.5> not available
(Font)              size <5> substituted on input line 446.


LaTeX Font Warning: Font shape `OMS/cmsy/b/n' in size <5.5> not available
(Font)              size <5> substituted on input line 446.


Overfull \hbox (97.98607pt too wide) in paragraph at lines 456--468
 [][] 
 []


LaTeX Font Warning: Font shape `T1/cmr/b/it' undefined
(Font)              using `T1/cmr/b/n' instead on input line 470.


LaTeX Font Warning: Font shape `T1/cmr/b/n' in size <10.5> not available
(Font)              size <10.95> substituted on input line 470.

<../plots/traj_custom_ss1.png, id=274, 859.5312pt x 496.7358pt>
File: ../plots/traj_custom_ss1.png Graphic file (type png)
<use ../plots/traj_custom_ss1.png>
Package pdftex.def Info: ../plots/traj_custom_ss1.png  used on input line 477.
(pdftex.def)             Requested size: 237.36214pt x 137.17502pt.
<../plots/traj_circular_ss1.png, id=275, 859.5312pt x 496.7358pt>
File: ../plots/traj_circular_ss1.png Graphic file (type png)
<use ../plots/traj_circular_ss1.png>
Package pdftex.def Info: ../plots/traj_circular_ss1.png  used on input line 482
.
(pdftex.def)             Requested size: 237.36214pt x 137.17502pt.
<../plots/traj_rectangular_ss1.png, id=276, 846.5226pt x 496.7358pt>
File: ../plots/traj_rectangular_ss1.png Graphic file (type png)
<use ../plots/traj_rectangular_ss1.png>
Package pdftex.def Info: ../plots/traj_rectangular_ss1.png  used on input line 
486.
(pdftex.def)             Requested size: 237.36214pt x 139.28214pt.
<../plots/traj_zigzag_ss1.png, id=277, 859.5312pt x 496.7358pt>
File: ../plots/traj_zigzag_ss1.png Graphic file (type png)
<use ../plots/traj_zigzag_ss1.png>
Package pdftex.def Info: ../plots/traj_zigzag_ss1.png  used on input line 490.
(pdftex.def)             Requested size: 237.36214pt x 137.17502pt.

LaTeX Font Warning: Font shape `T1/cmr/b/it' in size <10.5> not available
(Font)              size <10.95> substituted on input line 497.

<../plots/error_custom_ss1.png, id=279, 859.5312pt x 350.7504pt>
File: ../plots/error_custom_ss1.png Graphic file (type png)
<use ../plots/error_custom_ss1.png>
Package pdftex.def Info: ../plots/error_custom_ss1.png  used on input line 504.

(pdftex.def)             Requested size: 237.36214pt x 96.86073pt.
<../plots/error_circular_ss1.png, id=280, 859.5312pt x 350.7504pt>
File: ../plots/error_circular_ss1.png Graphic file (type png)
<use ../plots/error_circular_ss1.png>
Package pdftex.def Info: ../plots/error_circular_ss1.png  used on input line 50
9.
(pdftex.def)             Requested size: 237.36214pt x 96.86073pt.
<../plots/error_rectangular_ss1.png, id=281, 859.5312pt x 350.7504pt>
File: ../plots/error_rectangular_ss1.png Graphic file (type png)
<use ../plots/error_rectangular_ss1.png>
Package pdftex.def Info: ../plots/error_rectangular_ss1.png  used on input line
 513.
(pdftex.def)             Requested size: 237.36214pt x 96.86073pt.
<../plots/error_zigzag_ss1.png, id=282, 859.5312pt x 350.7504pt>
File: ../plots/error_zigzag_ss1.png Graphic file (type png)
<use ../plots/error_zigzag_ss1.png>
Package pdftex.def Info: ../plots/error_zigzag_ss1.png  used on input line 517.

(pdftex.def)             Requested size: 237.36214pt x 96.86073pt.
<../plots/heading_custom_ss1.png, id=284, 860.9766pt x 1074.414pt>
File: ../plots/heading_custom_ss1.png Graphic file (type png)
<use ../plots/heading_custom_ss1.png>
Package pdftex.def Info: ../plots/heading_custom_ss1.png  used on input line 53
1.
(pdftex.def)             Requested size: 237.36214pt x 296.1943pt.
<../plots/heading_circular_ss1.png, id=285, 860.9766pt x 1074.414pt>
File: ../plots/heading_circular_ss1.png Graphic file (type png)
<use ../plots/heading_circular_ss1.png>
Package pdftex.def Info: ../plots/heading_circular_ss1.png  used on input line 
536.
(pdftex.def)             Requested size: 237.36214pt x 296.1943pt.
<../plots/heading_rectangular_ss1.png, id=286, 860.9766pt x 1074.414pt>
File: ../plots/heading_rectangular_ss1.png Graphic file (type png)
<use ../plots/heading_rectangular_ss1.png>
Package pdftex.def Info: ../plots/heading_rectangular_ss1.png  used on input li
ne 540.
(pdftex.def)             Requested size: 237.36214pt x 296.1943pt.
<../plots/heading_zigzag_ss1.png, id=287, 860.9766pt x 1074.414pt>
File: ../plots/heading_zigzag_ss1.png Graphic file (type png)
<use ../plots/heading_zigzag_ss1.png>
Package pdftex.def Info: ../plots/heading_zigzag_ss1.png  used on input line 54
4.
(pdftex.def)             Requested size: 237.36214pt x 296.1943pt.
[10]
<../plots/course_custom_ss1.png, id=304, 858.5676pt x 343.0416pt>
File: ../plots/course_custom_ss1.png Graphic file (type png)
<use ../plots/course_custom_ss1.png>
Package pdftex.def Info: ../plots/course_custom_ss1.png  used on input line 558
.
(pdftex.def)             Requested size: 237.36214pt x 94.83661pt.
<../plots/course_circular_ss1.png, id=305, 858.5676pt x 343.0416pt>
File: ../plots/course_circular_ss1.png Graphic file (type png)
<use ../plots/course_circular_ss1.png>
Package pdftex.def Info: ../plots/course_circular_ss1.png  used on input line 5
62.
(pdftex.def)             Requested size: 237.36214pt x 94.83661pt.
<../plots/course_rectangular_ss1.png, id=306, 859.0494pt x 343.0416pt>
File: ../plots/course_rectangular_ss1.png Graphic file (type png)
<use ../plots/course_rectangular_ss1.png>
Package pdftex.def Info: ../plots/course_rectangular_ss1.png  used on input lin
e 566.
(pdftex.def)             Requested size: 237.36214pt x 94.78426pt.
<../plots/course_zigzag_ss1.png, id=307, 858.5676pt x 343.0416pt>
File: ../plots/course_zigzag_ss1.png Graphic file (type png)
<use ../plots/course_zigzag_ss1.png>
Package pdftex.def Info: ../plots/course_zigzag_ss1.png  used on input line 570
.
(pdftex.def)             Requested size: 237.36214pt x 94.83661pt.
<../plots/control_custom_ss1.png, id=309, 859.5312pt x 570.933pt>
File: ../plots/control_custom_ss1.png Graphic file (type png)
<use ../plots/control_custom_ss1.png>
Package pdftex.def Info: ../plots/control_custom_ss1.png  used on input line 58
4.
(pdftex.def)             Requested size: 237.36214pt x 157.6648pt.
<../plots/control_circular_ss1.png, id=310, 859.5312pt x 570.933pt>
File: ../plots/control_circular_ss1.png Graphic file (type png)
<use ../plots/control_circular_ss1.png>
Package pdftex.def Info: ../plots/control_circular_ss1.png  used on input line 
589.
(pdftex.def)             Requested size: 237.36214pt x 157.6648pt.
<../plots/control_rectangular_ss1.png, id=311, 859.5312pt x 570.933pt>
File: ../plots/control_rectangular_ss1.png Graphic file (type png)
<use ../plots/control_rectangular_ss1.png>
Package pdftex.def Info: ../plots/control_rectangular_ss1.png  used on input li
ne 593.
(pdftex.def)             Requested size: 237.36214pt x 157.6648pt.
<../plots/control_zigzag_ss1.png, id=312, 859.5312pt x 570.933pt>
File: ../plots/control_zigzag_ss1.png Graphic file (type png)
<use ../plots/control_zigzag_ss1.png>
Package pdftex.def Info: ../plots/control_zigzag_ss1.png  used on input line 59
7.
(pdftex.def)             Requested size: 237.36214pt x 157.6648pt.
<../plots/bar_rms_ye_ss1.png, id=314, 1003.1076pt x 425.9112pt>
File: ../plots/bar_rms_ye_ss1.png Graphic file (type png)
<use ../plots/bar_rms_ye_ss1.png>
Package pdftex.def Info: ../plots/bar_rms_ye_ss1.png  used on input line 610.
(pdftex.def)             Requested size: 238.25444pt x 101.16145pt.

Overfull \hbox (1.2474pt too wide) in paragraph at lines 618--619
[]\T1/cmr/m/n/10 Under mod-er-ate dis-tur-bances (Ta-ble [][]4[][]), \T1/cmr/bx
/n/10 ANTSMC
 []


Underfull \hbox (badness 1014) in paragraph at lines 618--619
\T1/cmr/m/n/10 in-creas-ing ($\OML/cmm/m/it/10 k[] \OMS/cmsy/m/n/10 ^^Y \OT1/cm
r/m/n/10 0\OML/cmm/m/it/10 :\OT1/cmr/m/n/10 7$\T1/cmr/m/n/10 --$\OT1/cmr/m/n/10
 0\OML/cmm/m/it/10 :\OT1/cmr/m/n/10 9$\T1/cmr/m/n/10 ), pro-vid-ing dis-tur-ban
ce
 []


Underfull \hbox (badness 1189) in paragraph at lines 618--619
\T1/cmr/m/n/10 that the FTDO's ob-server lag be-gins to pe-nalise
 []

[11 <../plots/traj_custom_ss1.png> <../plots/traj_circular_ss1.png> <../plots/t
raj_rectangular_ss1.png> <../plots/traj_zigzag_ss1.png>]
Overfull \hbox (99.21495pt too wide) in paragraph at lines 626--638
 [][] 
 []

<../plots/traj_custom_ss2.png, id=334, 859.5312pt x 496.7358pt>
File: ../plots/traj_custom_ss2.png Graphic file (type png)
<use ../plots/traj_custom_ss2.png>
Package pdftex.def Info: ../plots/traj_custom_ss2.png  used on input line 647.
(pdftex.def)             Requested size: 237.36214pt x 137.17502pt.
<../plots/traj_circular_ss2.png, id=335, 859.5312pt x 496.7358pt>
File: ../plots/traj_circular_ss2.png Graphic file (type png)
<use ../plots/traj_circular_ss2.png>
Package pdftex.def Info: ../plots/traj_circular_ss2.png  used on input line 651
.
(pdftex.def)             Requested size: 237.36214pt x 137.17502pt.
<../plots/traj_rectangular_ss2.png, id=336, 856.6404pt x 496.7358pt>
File: ../plots/traj_rectangular_ss2.png Graphic file (type png)
<use ../plots/traj_rectangular_ss2.png>
Package pdftex.def Info: ../plots/traj_rectangular_ss2.png  used on input line 
655.
(pdftex.def)             Requested size: 237.36214pt x 137.63737pt.
<../plots/traj_zigzag_ss2.png, id=337, 859.5312pt x 496.7358pt>
File: ../plots/traj_zigzag_ss2.png Graphic file (type png)
<use ../plots/traj_zigzag_ss2.png>
Package pdftex.def Info: ../plots/traj_zigzag_ss2.png  used on input line 659.
(pdftex.def)             Requested size: 237.36214pt x 137.17502pt.
<../plots/error_custom_ss2.png, id=339, 874.9488pt x 350.7504pt>
File: ../plots/error_custom_ss2.png Graphic file (type png)
<use ../plots/error_custom_ss2.png>
Package pdftex.def Info: ../plots/error_custom_ss2.png  used on input line 673.

(pdftex.def)             Requested size: 237.36214pt x 95.15344pt.
<../plots/error_circular_ss2.png, id=340, 859.5312pt x 350.7504pt>
File: ../plots/error_circular_ss2.png Graphic file (type png)
<use ../plots/error_circular_ss2.png>
Package pdftex.def Info: ../plots/error_circular_ss2.png  used on input line 67
7.
(pdftex.def)             Requested size: 237.36214pt x 96.86073pt.
<../plots/error_rectangular_ss2.png, id=341, 859.5312pt x 350.7504pt>
File: ../plots/error_rectangular_ss2.png Graphic file (type png)
<use ../plots/error_rectangular_ss2.png>
Package pdftex.def Info: ../plots/error_rectangular_ss2.png  used on input line
 681.
(pdftex.def)             Requested size: 237.36214pt x 96.86073pt.
<../plots/error_zigzag_ss2.png, id=342, 859.5312pt x 350.7504pt>
File: ../plots/error_zigzag_ss2.png Graphic file (type png)
<use ../plots/error_zigzag_ss2.png>
Package pdftex.def Info: ../plots/error_zigzag_ss2.png  used on input line 685.

(pdftex.def)             Requested size: 237.36214pt x 96.86073pt.
<../plots/heading_custom_ss2.png, id=344, 860.9766pt x 1074.414pt>
File: ../plots/heading_custom_ss2.png Graphic file (type png)
<use ../plots/heading_custom_ss2.png>
Package pdftex.def Info: ../plots/heading_custom_ss2.png  used on input line 69
9.
(pdftex.def)             Requested size: 237.36214pt x 296.1943pt.
<../plots/heading_circular_ss2.png, id=345, 860.9766pt x 1074.414pt>
File: ../plots/heading_circular_ss2.png Graphic file (type png)
<use ../plots/heading_circular_ss2.png>
Package pdftex.def Info: ../plots/heading_circular_ss2.png  used on input line 
703.
(pdftex.def)             Requested size: 237.36214pt x 296.1943pt.
<../plots/heading_rectangular_ss2.png, id=346, 860.9766pt x 1074.414pt>
File: ../plots/heading_rectangular_ss2.png Graphic file (type png)
<use ../plots/heading_rectangular_ss2.png>
Package pdftex.def Info: ../plots/heading_rectangular_ss2.png  used on input li
ne 707.
(pdftex.def)             Requested size: 237.36214pt x 296.1943pt.
<../plots/heading_zigzag_ss2.png, id=347, 860.9766pt x 1074.414pt>
File: ../plots/heading_zigzag_ss2.png Graphic file (type png)
<use ../plots/heading_zigzag_ss2.png>
Package pdftex.def Info: ../plots/heading_zigzag_ss2.png  used on input line 71
1.
(pdftex.def)             Requested size: 237.36214pt x 296.1943pt.
<../plots/course_custom_ss2.png, id=349, 858.5676pt x 343.0416pt>
File: ../plots/course_custom_ss2.png Graphic file (type png)
<use ../plots/course_custom_ss2.png>
Package pdftex.def Info: ../plots/course_custom_ss2.png  used on input line 725
.
(pdftex.def)             Requested size: 237.36214pt x 94.83661pt.
<../plots/course_circular_ss2.png, id=350, 858.5676pt x 343.0416pt>
File: ../plots/course_circular_ss2.png Graphic file (type png)
<use ../plots/course_circular_ss2.png>
Package pdftex.def Info: ../plots/course_circular_ss2.png  used on input line 7
29.
(pdftex.def)             Requested size: 237.36214pt x 94.83661pt.
<../plots/course_rectangular_ss2.png, id=351, 859.0494pt x 343.0416pt>
File: ../plots/course_rectangular_ss2.png Graphic file (type png)
<use ../plots/course_rectangular_ss2.png>
Package pdftex.def Info: ../plots/course_rectangular_ss2.png  used on input lin
e 733.
(pdftex.def)             Requested size: 237.36214pt x 94.78426pt.
<../plots/course_zigzag_ss2.png, id=352, 858.5676pt x 343.0416pt>
File: ../plots/course_zigzag_ss2.png Graphic file (type png)
<use ../plots/course_zigzag_ss2.png>
Package pdftex.def Info: ../plots/course_zigzag_ss2.png  used on input line 737
.
(pdftex.def)             Requested size: 237.36214pt x 94.83661pt.
<../plots/control_custom_ss2.png, id=354, 859.5312pt x 570.933pt>
File: ../plots/control_custom_ss2.png Graphic file (type png)
<use ../plots/control_custom_ss2.png>
Package pdftex.def Info: ../plots/control_custom_ss2.png  used on input line 75
1.
(pdftex.def)             Requested size: 237.36214pt x 157.6648pt.
<../plots/control_circular_ss2.png, id=355, 859.5312pt x 570.933pt>
File: ../plots/control_circular_ss2.png Graphic file (type png)
<use ../plots/control_circular_ss2.png>
Package pdftex.def Info: ../plots/control_circular_ss2.png  used on input line 
755.
(pdftex.def)             Requested size: 237.36214pt x 157.6648pt.
<../plots/control_rectangular_ss2.png, id=356, 859.5312pt x 570.933pt>
File: ../plots/control_rectangular_ss2.png Graphic file (type png)
<use ../plots/control_rectangular_ss2.png>
Package pdftex.def Info: ../plots/control_rectangular_ss2.png  used on input li
ne 759.
(pdftex.def)             Requested size: 237.36214pt x 157.6648pt.
<../plots/control_zigzag_ss2.png, id=357, 859.5312pt x 570.933pt>
File: ../plots/control_zigzag_ss2.png Graphic file (type png)
<use ../plots/control_zigzag_ss2.png>
Package pdftex.def Info: ../plots/control_zigzag_ss2.png  used on input line 76
3.
(pdftex.def)             Requested size: 237.36214pt x 157.6648pt.
[12 <../plots/error_custom_ss1.png> <../plots/error_circular_ss1.png> <../plots
/error_rectangular_ss1.png> <../plots/error_zigzag_ss1.png>] [13 <../plots/head
ing_custom_ss1.png> <../plots/heading_circular_ss1.png> <../plots/heading_recta
ngular_ss1.png> <../plots/heading_zigzag_ss1.png>] [14 <../plots/course_custom_
ss1.png> <../plots/course_circular_ss1.png> <../plots/course_rectangular_ss1.pn
g> <../plots/course_zigzag_ss1.png> <../plots/control_custom_ss1.png> <../plots
/control_circular_ss1.png> <../plots/control_rectangular_ss1.png> <../plots/con
trol_zigzag_ss1.png>]
<../plots/bar_rms_ye_ss2.png, id=395, 1003.1076pt x 425.9112pt>
File: ../plots/bar_rms_ye_ss2.png Graphic file (type png)
<use ../plots/bar_rms_ye_ss2.png>
Package pdftex.def Info: ../plots/bar_rms_ye_ss2.png  used on input line 774.
(pdftex.def)             Requested size: 238.25444pt x 101.16145pt.

Overfull \hbox (99.21495pt too wide) in paragraph at lines 790--802
 [][] 
 []

<../plots/traj_custom_ss3.png, id=398, 859.5312pt x 496.7358pt>
File: ../plots/traj_custom_ss3.png Graphic file (type png)
<use ../plots/traj_custom_ss3.png>
Package pdftex.def Info: ../plots/traj_custom_ss3.png  used on input line 811.
(pdftex.def)             Requested size: 237.36214pt x 137.17502pt.
<../plots/traj_circular_ss3.png, id=399, 859.5312pt x 496.7358pt>
File: ../plots/traj_circular_ss3.png Graphic file (type png)
<use ../plots/traj_circular_ss3.png>
Package pdftex.def Info: ../plots/traj_circular_ss3.png  used on input line 815
.
(pdftex.def)             Requested size: 237.36214pt x 137.17502pt.
<../plots/traj_rectangular_ss3.png, id=400, 856.6404pt x 496.7358pt>
File: ../plots/traj_rectangular_ss3.png Graphic file (type png)
<use ../plots/traj_rectangular_ss3.png>
Package pdftex.def Info: ../plots/traj_rectangular_ss3.png  used on input line 
819.
(pdftex.def)             Requested size: 237.36214pt x 137.63737pt.
<../plots/traj_zigzag_ss3.png, id=401, 859.5312pt x 496.7358pt>
File: ../plots/traj_zigzag_ss3.png Graphic file (type png)
<use ../plots/traj_zigzag_ss3.png>
Package pdftex.def Info: ../plots/traj_zigzag_ss3.png  used on input line 823.
(pdftex.def)             Requested size: 237.36214pt x 137.17502pt.

Overfull \hbox (2.4752pt too wide) in paragraph at lines 832--833
[]\T1/cmr/m/n/10 Fig. [][]15[][] shows the cross-track er-ror at SS3. ANTSMC
 []

<../plots/error_custom_ss3.png, id=403, 859.5312pt x 350.7504pt>
File: ../plots/error_custom_ss3.png Graphic file (type png)
<use ../plots/error_custom_ss3.png>
Package pdftex.def Info: ../plots/error_custom_ss3.png  used on input line 837.

(pdftex.def)             Requested size: 237.36214pt x 96.86073pt.
<../plots/error_circular_ss3.png, id=404, 859.5312pt x 350.7504pt>
File: ../plots/error_circular_ss3.png Graphic file (type png)
<use ../plots/error_circular_ss3.png>
Package pdftex.def Info: ../plots/error_circular_ss3.png  used on input line 84
1.
(pdftex.def)             Requested size: 237.36214pt x 96.86073pt.
<../plots/error_rectangular_ss3.png, id=405, 859.5312pt x 350.7504pt>
File: ../plots/error_rectangular_ss3.png Graphic file (type png)
<use ../plots/error_rectangular_ss3.png>
Package pdftex.def Info: ../plots/error_rectangular_ss3.png  used on input line
 845.
(pdftex.def)             Requested size: 237.36214pt x 96.86073pt.
<../plots/error_zigzag_ss3.png, id=406, 859.5312pt x 350.7504pt>
File: ../plots/error_zigzag_ss3.png Graphic file (type png)
<use ../plots/error_zigzag_ss3.png>
Package pdftex.def Info: ../plots/error_zigzag_ss3.png  used on input line 849.

(pdftex.def)             Requested size: 237.36214pt x 96.86073pt.
<../plots/heading_custom_ss3.png, id=408, 860.9766pt x 1074.414pt>
File: ../plots/heading_custom_ss3.png Graphic file (type png)
<use ../plots/heading_custom_ss3.png>
Package pdftex.def Info: ../plots/heading_custom_ss3.png  used on input line 86
3.
(pdftex.def)             Requested size: 237.36214pt x 296.1943pt.
<../plots/heading_circular_ss3.png, id=409, 860.9766pt x 1074.414pt>
File: ../plots/heading_circular_ss3.png Graphic file (type png)
<use ../plots/heading_circular_ss3.png>
Package pdftex.def Info: ../plots/heading_circular_ss3.png  used on input line 
867.
(pdftex.def)             Requested size: 237.36214pt x 296.1943pt.
<../plots/heading_rectangular_ss3.png, id=410, 860.9766pt x 1074.414pt>
File: ../plots/heading_rectangular_ss3.png Graphic file (type png)
<use ../plots/heading_rectangular_ss3.png>
Package pdftex.def Info: ../plots/heading_rectangular_ss3.png  used on input li
ne 871.
(pdftex.def)             Requested size: 237.36214pt x 296.1943pt.
<../plots/heading_zigzag_ss3.png, id=411, 860.9766pt x 1074.414pt>
File: ../plots/heading_zigzag_ss3.png Graphic file (type png)
<use ../plots/heading_zigzag_ss3.png>
Package pdftex.def Info: ../plots/heading_zigzag_ss3.png  used on input line 87
5.
(pdftex.def)             Requested size: 237.36214pt x 296.1943pt.
[15 <../plots/bar_rms_ye_ss1.png>]
<../plots/course_custom_ss3.png, id=429, 858.5676pt x 343.0416pt>
File: ../plots/course_custom_ss3.png Graphic file (type png)
<use ../plots/course_custom_ss3.png>
Package pdftex.def Info: ../plots/course_custom_ss3.png  used on input line 889
.
(pdftex.def)             Requested size: 237.36214pt x 94.83661pt.
<../plots/course_circular_ss3.png, id=430, 858.5676pt x 343.0416pt>
File: ../plots/course_circular_ss3.png Graphic file (type png)
<use ../plots/course_circular_ss3.png>
Package pdftex.def Info: ../plots/course_circular_ss3.png  used on input line 8
93.
(pdftex.def)             Requested size: 237.36214pt x 94.83661pt.
<../plots/course_rectangular_ss3.png, id=431, 859.0494pt x 343.0416pt>
File: ../plots/course_rectangular_ss3.png Graphic file (type png)
<use ../plots/course_rectangular_ss3.png>
Package pdftex.def Info: ../plots/course_rectangular_ss3.png  used on input lin
e 897.
(pdftex.def)             Requested size: 237.36214pt x 94.78426pt.
<../plots/course_zigzag_ss3.png, id=432, 858.5676pt x 343.0416pt>
File: ../plots/course_zigzag_ss3.png Graphic file (type png)
<use ../plots/course_zigzag_ss3.png>
Package pdftex.def Info: ../plots/course_zigzag_ss3.png  used on input line 901
.
(pdftex.def)             Requested size: 237.36214pt x 94.83661pt.
<../plots/control_custom_ss3.png, id=434, 859.5312pt x 570.933pt>
File: ../plots/control_custom_ss3.png Graphic file (type png)
<use ../plots/control_custom_ss3.png>
Package pdftex.def Info: ../plots/control_custom_ss3.png  used on input line 91
5.
(pdftex.def)             Requested size: 237.36214pt x 157.6648pt.
<../plots/control_circular_ss3.png, id=435, 859.5312pt x 570.933pt>
File: ../plots/control_circular_ss3.png Graphic file (type png)
<use ../plots/control_circular_ss3.png>
Package pdftex.def Info: ../plots/control_circular_ss3.png  used on input line 
919.
(pdftex.def)             Requested size: 237.36214pt x 157.6648pt.
<../plots/control_rectangular_ss3.png, id=436, 859.5312pt x 570.933pt>
File: ../plots/control_rectangular_ss3.png Graphic file (type png)
<use ../plots/control_rectangular_ss3.png>
Package pdftex.def Info: ../plots/control_rectangular_ss3.png  used on input li
ne 923.
(pdftex.def)             Requested size: 237.36214pt x 157.6648pt.
<../plots/control_zigzag_ss3.png, id=437, 859.5312pt x 570.933pt>
File: ../plots/control_zigzag_ss3.png Graphic file (type png)
<use ../plots/control_zigzag_ss3.png>
Package pdftex.def Info: ../plots/control_zigzag_ss3.png  used on input line 92
7.
(pdftex.def)             Requested size: 237.36214pt x 157.6648pt.
<../plots/bar_rms_ye_ss3.png, id=438, 1002.6258pt x 425.9112pt>
File: ../plots/bar_rms_ye_ss3.png Graphic file (type png)
<use ../plots/bar_rms_ye_ss3.png>
Package pdftex.def Info: ../plots/bar_rms_ye_ss3.png  used on input line 938.
(pdftex.def)             Requested size: 238.25444pt x 101.20694pt.

Overfull \hbox (1.22952pt too wide) in paragraph at lines 952--964
 [][] 
 []

[16 <../plots/traj_custom_ss2.png> <../plots/traj_circular_ss2.png> <../plots/t
raj_rectangular_ss2.png> <../plots/traj_zigzag_ss2.png>]
<../plots/ranking_overall.png, id=459, 1293.633pt x 443.7378pt>
File: ../plots/ranking_overall.png Graphic file (type png)
<use ../plots/ranking_overall.png>
Package pdftex.def Info: ../plots/ranking_overall.png  used on input line 991.
(pdftex.def)             Requested size: 238.25444pt x 81.72458pt.
 [17 <../plots/error_custom_ss2.png> <../plots/error_circular_ss2.png> <../plot
s/error_rectangular_ss2.png> <../plots/error_zigzag_ss2.png>] [18 <../plots/hea
ding_custom_ss2.png> <../plots/heading_circular_ss2.png> <../plots/heading_rect
angular_ss2.png> <../plots/heading_zigzag_ss2.png>]
Overfull \hbox (216.40396pt too wide) in paragraph at lines 1051--1052
\T1/cmr/m/n/10 and SS3 un-der both dis-tur-bance mod-els: ANTSMC $\OML/cmm/m/it
/10 >$ \T1/cmr/m/n/10 SMC $\OML/cmm/m/it/10 >$ \T1/cmr/m/n/10 ASMC $\OML/cmm/m/
it/10 >$ \T1/cmr/m/n/10 ADRC $\OML/cmm/m/it/10 >$ \T1/cmr/m/n/10 FNTSMC $\OML/c
mm/m/it/10 >$ \T1/cmr/m/n/10 LQR.
 []


Overfull \hbox (1.69345pt too wide) in paragraph at lines 1051--1052
\T1/cmr/m/n/10 At SS1 the top three con-trollers (SMC, FNTSMC,
 []

[19 <../plots/course_custom_ss2.png> <../plots/course_circular_ss2.png> <../plo
ts/course_rectangular_ss2.png> <../plots/course_zigzag_ss2.png>] [20 <../plots/
control_custom_ss2.png> <../plots/control_circular_ss2.png> <../plots/control_r
ectangular_ss2.png> <../plots/control_zigzag_ss2.png>]
<../plots/jonswap_comparison.png, id=503, 1002.74625pt x 357.0138pt>
File: ../plots/jonswap_comparison.png Graphic file (type png)
<use ../plots/jonswap_comparison.png>
Package pdftex.def Info: ../plots/jonswap_comparison.png  used on input line 10
59.
(pdftex.def)             Requested size: 238.25444pt x 84.82434pt.

Overfull \hbox (119.0202pt too wide) in paragraph at lines 1091--1105
 [][] 
 []

[21 <../plots/bar_rms_ye_ss2.png>]
Overfull \hbox (26.85805pt too wide) in paragraph at lines 1107--1108
\T1/cmr/m/n/10 bench-mark: at SS1, SMC $\OML/cmm/m/it/10 >$ \T1/cmr/m/n/10 FNTS
MC $\OML/cmm/m/it/10 >$ \T1/cmr/m/n/10 ASMC $\OML/cmm/m/it/10 >$ \T1/cmr/m/n/10
 ANTSMC,
 []


Overfull \hbox (84.03905pt too wide) in paragraph at lines 1107--1108
\T1/cmr/m/n/10 while at SS2--3, ANTSMC $\OML/cmm/m/it/10 >$ \T1/cmr/m/n/10 SMC 
$\OML/cmm/m/it/10 >$ \T1/cmr/m/n/10 ASMC $\OML/cmm/m/it/10 >$ \T1/cmr/m/n/10 FN
TSMC $\OML/cmm/m/it/10 >$ \T1/cmr/m/n/10 ADRC $\OML/cmm/m/it/10 >$ \T1/cmr/m/n/
10 LQR.
 []


Underfull \hbox (badness 1205) in paragraph at lines 1107--1108
\T1/cmr/m/n/10 pro-vide in-creas-ing ben-e-fit as dis-tur-bance in-ten-sity
 []

LaTeX Font Info:    Calculating math sizes for size <10.5> on input line 1109.

LaTeX Font Warning: Font shape `OT1/cmr/m/n' in size <10.5> not available
(Font)              size <10.95> substituted on input line 1109.


LaTeX Font Warning: Font shape `OML/cmm/m/it' in size <10.5> not available
(Font)              size <10.95> substituted on input line 1109.


LaTeX Font Warning: Font shape `OMS/cmsy/m/n' in size <10.5> not available
(Font)              size <10.95> substituted on input line 1109.


LaTeX Font Warning: Font shape `OT1/cmr/bx/n' in size <10.5> not available
(Font)              size <10.95> substituted on input line 1109.


LaTeX Font Warning: Font shape `OML/cmm/b/it' in size <10.5> not available
(Font)              size <10.95> substituted on input line 1109.


LaTeX Font Warning: Font shape `OMS/cmsy/b/n' in size <10.5> not available
(Font)              size <10.95> substituted on input line 1109.

[22 <../plots/traj_custom_ss3.png> <../plots/traj_circular_ss3.png> <../plots/t
raj_rectangular_ss3.png> <../plots/traj_zigzag_ss3.png>]
<../plots/mc_boxplot_ss3.png, id=529, 712.94354pt x 351.9549pt>
File: ../plots/mc_boxplot_ss3.png Graphic file (type png)
<use ../plots/mc_boxplot_ss3.png>
Package pdftex.def Info: ../plots/mc_boxplot_ss3.png  used on input line 1116.
(pdftex.def)             Requested size: 237.36214pt x 117.17659pt.
<../plots/mc_bar_meanstd_ss3.png, id=530, 640.3122pt x 352.31625pt>
File: ../plots/mc_bar_meanstd_ss3.png Graphic file (type png)
<use ../plots/mc_bar_meanstd_ss3.png>
Package pdftex.def Info: ../plots/mc_bar_meanstd_ss3.png  used on input line 11
21.
(pdftex.def)             Requested size: 237.36214pt x 130.60225pt.
<../plots/mc_convergence_ss3.png, id=532, 712.94354pt x 349.7868pt>
File: ../plots/mc_convergence_ss3.png Graphic file (type png)
<use ../plots/mc_convergence_ss3.png>
Package pdftex.def Info: ../plots/mc_convergence_ss3.png  used on input line 11
35.
(pdftex.def)             Requested size: 238.25444pt x 116.89243pt.
<../plots/mc_scatter_energy_ss3.png, id=534, 712.22086pt x 423.14085pt>
File: ../plots/mc_scatter_energy_ss3.png Graphic file (type png)
<use ../plots/mc_scatter_energy_ss3.png>
Package pdftex.def Info: ../plots/mc_scatter_energy_ss3.png  used on input line
 1146.
(pdftex.def)             Requested size: 238.25444pt x 141.54807pt.
 [23 <../plots/error_custom_ss3.png> <../plots/error_circular_ss3.png> <../plot
s/error_rectangular_ss3.png> <../plots/error_zigzag_ss3.png>] [24 <../plots/hea
ding_custom_ss3.png> <../plots/heading_circular_ss3.png> <../plots/heading_rect
angular_ss3.png> <../plots/heading_zigzag_ss3.png>] [25 <../plots/course_custom
_ss3.png> <../plots/course_circular_ss3.png> <../plots/course_rectangular_ss3.p
ng> <../plots/course_zigzag_ss3.png> <../plots/control_custom_ss3.png> <../plot
s/control_circular_ss3.png> <../plots/control_rectangular_ss3.png> <../plots/co
ntrol_zigzag_ss3.png>]
Underfull \hbox (badness 1077) in paragraph at lines 1161--1162
\T1/cmr/m/n/10 a con-trolled ab-la-tion ex-per-i-ment. At SS1, ASMC
 []


Underfull \hbox (badness 1199) in paragraph at lines 1163--1164
[]\T1/cmr/bx/n/10 Observer-based vs. observer-free ter-mi-nal
 []

[26 <../plots/bar_rms_ye_ss3.png> <../plots/ranking_overall.png> <../plots/jons
wap_comparison.png>]
Overfull \hbox (2.84186pt too wide) in paragraph at lines 1167--1168
[]\T1/cmr/bx/n/10 Competitive ADRC per-for-mance af-ter proper
 []


Underfull \hbox (badness 1490) in paragraph at lines 1171--1172
\T1/cmr/m/n/10 ings un-der de-ter-min-is-tic and stochas-tic ex-ci-ta-tion
 []

[27 <../plots/mc_boxplot_ss3.png> <../plots/mc_bar_meanstd_ss3.png> <../plots/m
c_convergence_ss3.png> <../plots/mc_scatter_energy_ss3.png>] [28]
Underfull \hbox (badness 1442) in paragraph at lines 1187--1188
[]\T1/cmr/m/n/10 A com-pre-hen-sive bench-mark of 72 sim-u-la-tions
 []


Underfull \hbox (badness 1142) in paragraph at lines 1192--1193
[]\T1/cmr/m/n/10 The ASMC ab-la-tion base-line con-firmed that
 []


Overfull \hbox (6.44417pt too wide) in paragraph at lines 1192--1193
\T1/cmr/m/n/10 nal sur-face, power-rate reach-ing, error-proportional
 []

[29]
Underfull \hbox (badness 5091) in paragraph at lines 1213--1214
[]\T1/cmr/m/n/8 B.D.O. An-der-son, J.B. Moore, Op-ti-mal Con-trol: Lin-ear
 []


Underfull \hbox (badness 1168) in paragraph at lines 1213--1214
\T1/cmr/m/n/8 Quadratic Meth-ods, Prentice-Hall, En-gle-wood Cliffs, NJ,
 []

[30]
Overfull \hbox (2.02388pt too wide) in paragraph at lines 1374--1375
[]\T1/cmr/m/n/10 Parameters fol-low Utkin's equiv-a-lent con-trol method
 []


Underfull \hbox (badness 1635) in paragraph at lines 1374--1375
\T1/cmr/m/n/10 ([][]Utkin et al.[][], [][]2009[][]). Actuator-aware gain de-sig
n:
 []

[31]
Overfull \hbox (20.5917pt too wide) in paragraph at lines 1459--1475
 [][] 
 []

[32]
Package atveryend Info: Empty hook `BeforeClearDocument' on input line 1548.
 [33] [34

]
Package atveryend Info: Empty hook `AfterLastShipout' on input line 1548.
 (./manuscript.aux)
Package atveryend Info: Executing hook `AtVeryEndDocument' on input line 1548.
Package atveryend Info: Executing hook `AtEndAfterFileList' on input line 1548.

Package rerunfilecheck Info: File `manuscript.out' has not changed.
(rerunfilecheck)             Checksum: D41D8CD98F00B204E9800998ECF8427E;0.


LaTeX Font Warning: Size substitutions with differences
(Font)              up to 0.5pt have occurred.


LaTeX Font Warning: Some font shapes were not available, defaults substituted.


LaTeX Warning: Label(s) may have changed. Rerun to get cross-references right.

 ) 
Here is how much of TeX's memory you used:
 13700 strings out of 483107
 216458 string characters out of 5964630
 516122 words of memory out of 5000000
 28115 multiletter control sequences out of 15000+600000
 568018 words of font info for 123 fonts, out of 8000000 for 9000
 59 hyphenation exceptions out of 8191
 48i,12n,48p,2114b,611s stack positions out of 5000i,500n,10000p,200000b,80000s
 </home/muhayy/.texlive2019/texmf-var/fonts/pk/ljfour/jknappen/ec/ecsi0900.60
0pk> </home/muhayy/.texlive2019/texmf-var/fonts/pk/ljfour/jknappen/ec/tcrm1000.
600pk> </home/muhayy/.texlive2019/texmf-var/fonts/pk/ljfour/jknappen/ec/ecrb109
5.600pk> </home/muhayy/.texlive2019/texmf-var/fonts/pk/ljfour/jknappen/ec/ecti1
000.600pk> </home/muhayy/.texlive2019/texmf-var/fonts/pk/ljfour/jknappen/ec/ecr
m0900.600pk> </home/muhayy/.texlive2019/texmf-var/fonts/pk/ljfour/jknappen/ec/e
csx0900.600pk> </home/muhayy/.texlive2019/texmf-var/fonts/pk/ljfour/jknappen/ec
/ecbx1000.600pk> </home/muhayy/.texlive2019/texmf-var/fonts/pk/ljfour/jknappen/
ec/ecbx1095.600pk> </home/muhayy/.texlive2019/texmf-var/fonts/pk/ljfour/jknappe
n/ec/ecti0900.600pk> </home/muhayy/.texlive2019/texmf-var/fonts/pk/ljfour/jknap
pen/ec/ecss0900.600pk> </home/muhayy/.texlive2019/texmf-var/fonts/pk/ljfour/jkn
appen/ec/eccc0800.600pk> </home/muhayy/.texlive2019/texmf-var/fonts/pk/ljfour/j
knappen/ec/ectt0800.600pk> </home/muhayy/.texlive2019/texmf-var/fonts/pk/ljfour
/jknappen/ec/ecbx1200.600pk> </home/muhayy/.texlive2019/texmf-var/fonts/pk/ljfo
ur/jknappen/ec/ecrm1000.600pk> </home/muhayy/.texlive2019/texmf-var/fonts/pk/lj
four/jknappen/ec/ecti0600.600pk> </home/muhayy/.texlive2019/texmf-var/fonts/pk/
ljfour/jknappen/ec/ecrm0800.600pk> </home/muhayy/.texlive2019/texmf-var/fonts/p
k/ljfour/jknappen/ec/ecti0800.600pk> </home/muhayy/.texlive2019/texmf-var/fonts
/pk/ljfour/jknappen/ec/ecrm1200.600pk> </home/muhayy/.texlive2019/texmf-var/fon
ts/pk/ljfour/jknappen/ec/ecrm1728.600pk></usr/share/texlive/texmf-dist/fonts/ty
pe1/public/amsfonts/cm/cmbx10.pfb></usr/share/texlive/texmf-dist/fonts/type1/pu
blic/amsfonts/cm/cmbx9.pfb></usr/share/texlive/texmf-dist/fonts/type1/public/am
sfonts/cm/cmex10.pfb></usr/share/texlive/texmf-dist/fonts/type1/public/amsfonts
/cmextra/cmex7.pfb></usr/share/texlive/texmf-dist/fonts/type1/public/amsfonts/c
m/cmmi10.pfb></usr/share/texlive/texmf-dist/fonts/type1/public/amsfonts/cm/cmmi
5.pfb></usr/share/texlive/texmf-dist/fonts/type1/public/amsfonts/cm/cmmi6.pfb><
/usr/share/texlive/texmf-dist/fonts/type1/public/amsfonts/cm/cmmi7.pfb></usr/sh
are/texlive/texmf-dist/fonts/type1/public/amsfonts/cm/cmmi8.pfb></usr/share/tex
live/texmf-dist/fonts/type1/public/amsfonts/cm/cmmi9.pfb></usr/share/texlive/te
xmf-dist/fonts/type1/public/amsfonts/cm/cmr10.pfb></usr/share/texlive/texmf-dis
t/fonts/type1/public/amsfonts/cm/cmr5.pfb></usr/share/texlive/texmf-dist/fonts/
type1/public/amsfonts/cm/cmr6.pfb></usr/share/texlive/texmf-dist/fonts/type1/pu
blic/amsfonts/cm/cmr7.pfb></usr/share/texlive/texmf-dist/fonts/type1/public/ams
fonts/cm/cmr8.pfb></usr/share/texlive/texmf-dist/fonts/type1/public/amsfonts/cm
/cmr9.pfb></usr/share/texlive/texmf-dist/fonts/type1/public/amsfonts/cm/cmsy10.
pfb></usr/share/texlive/texmf-dist/fonts/type1/public/amsfonts/cm/cmsy5.pfb></u
sr/share/texlive/texmf-dist/fonts/type1/public/amsfonts/cm/cmsy6.pfb></usr/shar
e/texlive/texmf-dist/fonts/type1/public/amsfonts/cm/cmsy7.pfb></usr/share/texli
ve/texmf-dist/fonts/type1/public/amsfonts/cm/cmsy8.pfb></usr/share/texlive/texm
f-dist/fonts/type1/public/amsfonts/cm/cmsy9.pfb>
Output written on manuscript.pdf (34 pages, 18791316 bytes).
PDF statistics:
 1537 PDF objects out of 1728 (max. 8388607)
 650 compressed objects within 7 object streams
 226 named destinations out of 1000 (max. 500000)
 356 words of extra memory for PDF output out of 10000 (max. 10000000)

